# JRE version: OpenJDK Runtime Environment (21.0.8) (build 21.0.8+-14196175-b1038.72)
# Java VM: OpenJDK 64-Bit Server VM (21.0.8+-14196175-b1038.72, mixed mode, tiered, compressed oops, compressed class ptrs, g1 gc, windows-amd64)
GC Precious Log:
 CardTable entry size: 512
 Card Set container configuration: InlinePtr #cards 5 size 8 Array Of Cards #cards 12 size 40 Howl #buckets 4 coarsen threshold 1843 Howl Bitmap #cards 512 size 80 coarsen threshold 460 Card regions per heap region 1 cards per card region 2048
 CPUs: 12 total, 12 available
 Memory: 32543M
 Large Page Support: Disabled
 NUMA Support: Disabled
 Compressed Oops: Enabled (32-bit)
 Heap Region Size: 1M
 Heap Min Capacity: 8M
 Heap Initial Capacity: 510M
 Heap Max Capacity: 2G
 Pre-touch: Disabled
 Parallel Workers: 10
 Concurrent Workers: 3
 Concurrent Refinement Workers: 10
 Periodic GC: Disabled
Heap:
 garbage-first heap   total 348160K, used 220160K [0x0000000080000000, 0x0000000100000000)
  region size 1024K, 8 young (8192K), 8 survivors (8192K)
 Metaspace       used 65998K, committed 67456K, reserved 1114112K
  class space    used 9249K, committed 9920K, reserved 1048576K
GC Heap History (20 events):
Event: 10.766 GC heap after
{Heap after GC invocations=15 (full 0):
 garbage-first heap   total 215040K, used 87309K [0x0000000080000000, 0x0000000100000000)
  region size 1024K, 15 young (15360K), 15 survivors (15360K)
 Metaspace       used 64212K, committed 65664K, reserved 1114112K
  class space    used 9094K, committed 9792K, reserved 1048576K
}
Event: 11.108 GC heap before
{Heap before GC invocations=15 (full 0):
 garbage-first heap   total 215040K, used 132365K [0x0000000080000000, 0x0000000100000000)
  region size 1024K, 61 young (62464K), 15 survivors (15360K)
 Metaspace       used 65021K, committed 66496K, reserved 1114112K
  class space    used 9170K, committed 9856K, reserved 1048576K
}
Event: 11.113 GC heap after
{Heap after GC invocations=16 (full 0):
 garbage-first heap   total 215040K, used 86001K [0x0000000080000000, 0x0000000100000000)
  region size 1024K, 4 young (4096K), 4 survivors (4096K)
 Metaspace       used 65021K, committed 66496K, reserved 1114112K
  class space    used 9170K, committed 9856K, reserved 1048576K
}
Event: 11.507 GC heap before
{Heap before GC invocations=17 (full 0):
 garbage-first heap   total 215040K, used 187377K [0x0000000080000000, 0x0000000100000000)
  region size 1024K, 101 young (103424K), 4 survivors (4096K)
 Metaspace       used 65378K, committed 66816K, reserved 1114112K
  class space    used 9205K, committed 9920K, reserved 1048576K
}
Event: 11.511 GC heap after
{Heap after GC invocations=18 (full 0):
 garbage-first heap   total 215040K, used 91566K [0x0000000080000000, 0x0000000100000000)
  region size 1024K, 8 young (8192K), 8 survivors (8192K)
 Metaspace       used 65378K, committed 66816K, reserved 1114112K
  class space    used 9205K, committed 9920K, reserved 1048576K
}
Event: 11.788 GC heap before
{Heap before GC invocations=18 (full 0):
 garbage-first heap   total 215040K, used 189870K [0x0000000080000000, 0x0000000100000000)
  region size 1024K, 104 young (106496K), 8 survivors (8192K)
 Metaspace       used 65672K, committed 67136K, reserved 1114112K
  class space    used 9239K, committed 9920K, reserved 1048576K
}
Event: 11.794 GC heap after
{Heap after GC invocations=19 (full 0):
 garbage-first heap   total 215040K, used 95076K [0x0000000080000000, 0x0000000100000000)
  region size 1024K, 8 young (8192K), 8 survivors (8192K)
 Metaspace       used 65672K, committed 67136K, reserved 1114112K
  class space    used 9239K, committed 9920K, reserved 1048576K
}
Event: 12.000 GC heap before
{Heap before GC invocations=19 (full 0):
 garbage-first heap   total 215040K, used 193380K [0x0000000080000000, 0x0000000100000000)
  region size 1024K, 104 young (106496K), 8 survivors (8192K)
 Metaspace       used 65672K, committed 67136K, reserved 1114112K
  class space    used 9239K, committed 9920K, reserved 1048576K
}
Event: 12.005 GC heap after
{Heap after GC invocations=20 (full 0):
 garbage-first heap   total 215040K, used 100606K [0x0000000080000000, 0x0000000100000000)
  region size 1024K, 11 young (11264K), 11 survivors (11264K)
 Metaspace       used 65672K, committed 67136K, reserved 1114112K
  class space    used 9239K, committed 9920K, reserved 1048576K
}
Event: 12.198 GC heap before
{Heap before GC invocations=21 (full 0):
 garbage-first heap   total 215040K, used 191742K [0x0000000080000000, 0x0000000100000000)
  region size 1024K, 100 young (102400K), 11 survivors (11264K)
 Metaspace       used 65672K, committed 67136K, reserved 1114112K
  class space    used 9239K, committed 9920K, reserved 1048576K
}
Event: 12.202 GC heap after
{Heap after GC invocations=22 (full 0):
 garbage-first heap   total 215040K, used 105066K [0x0000000080000000, 0x0000000100000000)
  region size 1024K, 10 young (10240K), 10 survivors (10240K)
 Metaspace       used 65672K, committed 67136K, reserved 1114112K
  class space    used 9239K, committed 9920K, reserved 1048576K
}
Event: 12.360 GC heap before
{Heap before GC invocations=22 (full 0):
 garbage-first heap   total 215040K, used 193130K [0x0000000080000000, 0x0000000100000000)
  region size 1024K, 96 young (98304K), 10 survivors (10240K)
 Metaspace       used 65672K, committed 67136K, reserved 1114112K
  class space    used 9239K, committed 9920K, reserved 1048576K
}
Event: 12.365 GC heap after
{Heap after GC invocations=23 (full 0):
 garbage-first heap   total 258048K, used 109379K [0x0000000080000000, 0x0000000100000000)
  region size 1024K, 10 young (10240K), 10 survivors (10240K)
 Metaspace       used 65672K, committed 67136K, reserved 1114112K
  class space    used 9239K, committed 9920K, reserved 1048576K
}
Event: 12.702 GC heap before
{Heap before GC invocations=23 (full 0):
 garbage-first heap   total 258048K, used 237379K [0x0000000080000000, 0x0000000100000000)
  region size 1024K, 130 young (133120K), 10 survivors (10240K)
 Metaspace       used 65749K, committed 67200K, reserved 1114112K
  class space    used 9240K, committed 9920K, reserved 1048576K
}
Event: 13.060 GC heap after
{Heap after GC invocations=24 (full 0):
 garbage-first heap   total 312320K, used 178944K [0x0000000080000000, 0x0000000100000000)
  region size 1024K, 17 young (17408K), 17 survivors (17408K)
 Metaspace       used 65749K, committed 67200K, reserved 1114112K
  class space    used 9240K, committed 9920K, reserved 1048576K
}
Event: 13.218 GC heap before
{Heap before GC invocations=24 (full 0):
 garbage-first heap   total 312320K, used 255744K [0x0000000080000000, 0x0000000100000000)
  region size 1024K, 90 young (92160K), 17 survivors (17408K)
 Metaspace       used 66019K, committed 67456K, reserved 1114112K
  class space    used 9256K, committed 9920K, reserved 1048576K
}
Event: 13.238 GC heap after
{Heap after GC invocations=25 (full 0):
 garbage-first heap   total 312320K, used 209920K [0x0000000080000000, 0x0000000100000000)
  region size 1024K, 12 young (12288K), 12 survivors (12288K)
 Metaspace       used 66019K, committed 67456K, reserved 1114112K
  class space    used 9256K, committed 9920K, reserved 1048576K
}
Event: 13.354 GC heap before
{Heap before GC invocations=25 (full 0):
 garbage-first heap   total 312320K, used 237568K [0x0000000080000000, 0x0000000100000000)
  region size 1024K, 40 young (40960K), 12 survivors (12288K)
 Metaspace       used 66020K, committed 67456K, reserved 1114112K
  class space    used 9256K, committed 9920K, reserved 1048576K
}
Event: 13.398 GC heap after
{Heap after GC invocations=26 (full 0):
 garbage-first heap   total 312320K, used 220412K [0x0000000080000000, 0x0000000100000000)
  region size 1024K, 9 young (9216K), 9 survivors (9216K)
 Metaspace       used 66020K, committed 67456K, reserved 1114112K
  class space    used 9256K, committed 9920K, reserved 1048576K
}
Event: 13.594 GC heap before
{Heap before GC invocations=26 (full 0):
 garbage-first heap   total 348160K, used 257276K [0x0000000080000000, 0x0000000100000000)
  region size 1024K, 58 young (59392K), 9 survivors (9216K)
 Metaspace       used 65998K, committed 67456K, reserved 1114112K
  class space    used 9249K, committed 9920K, reserved 1048576K
}

